<?xml version="1.0" encoding="UTF-8"?>
<!-- Generated by org.testng.reporters.JUnitXMLReporter -->
<testsuite ignored="0" hostname="KARTIK-SHARMA" failures="0" tests="3" name="Surefire test" time="44.518" errors="0" timestamp="2025-07-28T12:07:17 IST">
  <testcase classname="tests.DashboardTest" name="verifyDashboardData" time="0.311"/>
  <testcase classname="tests.DashboardTest" name="verifyDashboardFunctionality" time="9.757"/>
  <testcase classname="tests.DashboardTest" name="verifySidebarNavigationAndGraph" time="22.55"/>
</testsuite> <!-- Surefire test -->
