<?xml version="1.0" encoding="UTF-8"?>
<!-- Generated by org.testng.reporters.JUnitXMLReporter -->
<testsuite ignored="0" hostname="KARTIK-SHARMA" failures="0" tests="3" name="Surefire test" time="8.861" errors="0" timestamp="2025-07-15T14:05:38 IST">
  <testcase classname="tests.HelpTest" name="loginToApp" time="0.605"/>
  <testcase classname="tests.HelpTest" name="testSubmitFeedback" time="0.087"/>
  <testcase classname="tests.HelpTest" name="testSubmitRaiseTicket" time="0.033"/>
</testsuite> <!-- Surefire test -->
