<?xml version="1.0" encoding="UTF-8"?>
<testng-results ignored="0" total="1" passed="1" failed="0" skipped="0">
  <reporter-output>
  </reporter-output>
  <suite started-at="2025-05-27T11:26:14 IST" name="Default suite" finished-at="2025-05-27T11:26:41 IST" duration-ms="26480">
    <groups>
    </groups>
    <test started-at="2025-05-27T11:26:14 IST" name="Default test" finished-at="2025-05-27T11:26:41 IST" duration-ms="26480">
      <class name="com.tests.SignInFlow">
        <test-method is-config="true" signature="setup()[pri:0, instance:com.tests.SignInFlow@1757cd72]" started-at="2025-05-27T11:26:14 IST" name="setup" finished-at="2025-05-27T11:26:30 IST" duration-ms="15565" status="PASS">
          <reporter-output>
          </reporter-output>
        </test-method> <!-- setup -->
        <test-method signature="login()[pri:0, instance:com.tests.SignInFlow@1757cd72]" started-at="2025-05-27T11:26:30 IST" name="login" finished-at="2025-05-27T11:26:40 IST" duration-ms="10551" status="PASS">
          <reporter-output>
          </reporter-output>
        </test-method> <!-- login -->
        <test-method is-config="true" signature="teardown()[pri:0, instance:com.tests.SignInFlow@1757cd72]" started-at="2025-05-27T11:26:40 IST" name="teardown" finished-at="2025-05-27T11:26:41 IST" duration-ms="327" status="PASS">
          <reporter-output>
          </reporter-output>
        </test-method> <!-- teardown -->
      </class> <!-- com.tests.SignInFlow -->
    </test> <!-- Default test -->
  </suite> <!-- Default suite -->
</testng-results>
