<?xml version="1.0" encoding="UTF-8"?>
<testng-results ignored="0" total="3" passed="3" failed="0" skipped="0">
  <reporter-output>
  </reporter-output>
  <suite started-at="2025-07-28T12:06:33 IST" name="Surefire suite" finished-at="2025-07-28T12:07:17 IST" duration-ms="44518">
    <groups>
    </groups>
    <test started-at="2025-07-28T12:06:33 IST" name="Surefire test" finished-at="2025-07-28T12:07:17 IST" duration-ms="44518">
      <class name="tests.DashboardTest">
        <test-method is-config="true" signature="setupReport()[pri:0, instance:tests.DashboardTest@35d019a3]" started-at="2025-07-28T12:06:32 IST" name="setupReport" finished-at="2025-07-28T12:06:33 IST" duration-ms="475" status="PASS">
          <reporter-output>
          </reporter-output>
        </test-method> <!-- setupReport -->
        <test-method is-config="true" signature="setUp()[pri:0, instance:tests.DashboardTest@35d019a3]" started-at="2025-07-28T12:06:33 IST" name="setUp" finished-at="2025-07-28T12:06:38 IST" duration-ms="5530" status="PASS">
          <reporter-output>
          </reporter-output>
        </test-method> <!-- setUp -->
        <test-method is-config="true" signature="loginToPaidline()[pri:0, instance:tests.DashboardTest@35d019a3]" started-at="2025-07-28T12:06:38 IST" name="loginToPaidline" finished-at="2025-07-28T12:06:44 IST" duration-ms="5907" status="PASS">
          <reporter-output>
          </reporter-output>
        </test-method> <!-- loginToPaidline -->
        <test-method signature="verifyDashboardData()[pri:2, instance:tests.DashboardTest@35d019a3]" started-at="2025-07-28T12:06:44 IST" name="verifyDashboardData" finished-at="2025-07-28T12:06:44 IST" duration-ms="311" status="PASS">
          <reporter-output>
          </reporter-output>
        </test-method> <!-- verifyDashboardData -->
        <test-method signature="verifyDashboardFunctionality()[pri:3, instance:tests.DashboardTest@35d019a3]" started-at="2025-07-28T12:06:44 IST" name="verifyDashboardFunctionality" finished-at="2025-07-28T12:06:54 IST" duration-ms="9757" status="PASS">
          <reporter-output>
          </reporter-output>
        </test-method> <!-- verifyDashboardFunctionality -->
        <test-method signature="verifySidebarNavigationAndGraph()[pri:4, instance:tests.DashboardTest@35d019a3]" started-at="2025-07-28T12:06:54 IST" name="verifySidebarNavigationAndGraph" finished-at="2025-07-28T12:07:17 IST" duration-ms="22550" status="PASS">
          <reporter-output>
          </reporter-output>
        </test-method> <!-- verifySidebarNavigationAndGraph -->
        <test-method is-config="true" signature="tearDown()[pri:0, instance:tests.DashboardTest@35d019a3]" started-at="2025-07-28T12:07:17 IST" name="tearDown" finished-at="2025-07-28T12:07:17 IST" duration-ms="425" status="PASS">
          <reporter-output>
          </reporter-output>
        </test-method> <!-- tearDown -->
        <test-method is-config="true" signature="flushReport()[pri:0, instance:tests.DashboardTest@35d019a3]" started-at="2025-07-28T12:07:17 IST" name="flushReport" finished-at="2025-07-28T12:07:17 IST" duration-ms="303" status="PASS">
          <reporter-output>
          </reporter-output>
        </test-method> <!-- flushReport -->
      </class> <!-- tests.DashboardTest -->
    </test> <!-- Surefire test -->
  </suite> <!-- Surefire suite -->
</testng-results>
