<?xml version="1.0" encoding="UTF-8"?>
<testng-results ignored="0" total="2" passed="2" failed="0" skipped="0">
  <reporter-output>
  </reporter-output>
  <suite started-at="2025-07-17T14:58:28 IST" name="Default suite" finished-at="2025-07-17T14:58:46 IST" duration-ms="17630">
    <groups>
    </groups>
    <test started-at="2025-07-17T14:58:28 IST" name="Default test" finished-at="2025-07-17T14:58:46 IST" duration-ms="17630">
      <class name="tests.DashboardTest">
        <test-method is-config="true" signature="setupReport()[pri:0, instance:tests.DashboardTest@b62d79]" started-at="2025-07-17T14:58:28 IST" name="setupReport" finished-at="2025-07-17T14:58:28 IST" duration-ms="213" status="PASS">
          <reporter-output>
          </reporter-output>
        </test-method> <!-- setupReport -->
        <test-method is-config="true" signature="setUp()[pri:0, instance:tests.DashboardTest@b62d79]" started-at="2025-07-17T14:58:28 IST" name="setUp" finished-at="2025-07-17T14:58:40 IST" duration-ms="11904" status="PASS">
          <reporter-output>
          </reporter-output>
        </test-method> <!-- setUp -->
        <test-method signature="loginToPaidline()[pri:1, instance:tests.DashboardTest@b62d79]" started-at="2025-07-17T14:58:40 IST" name="loginToPaidline" finished-at="2025-07-17T14:58:45 IST" duration-ms="5553" status="PASS">
          <reporter-output>
          </reporter-output>
        </test-method> <!-- loginToPaidline -->
        <test-method signature="verifyDashboardData()[pri:2, instance:tests.DashboardTest@b62d79]" started-at="2025-07-17T14:58:45 IST" name="verifyDashboardData" finished-at="2025-07-17T14:58:45 IST" duration-ms="10" status="PASS">
          <reporter-output>
          </reporter-output>
        </test-method> <!-- verifyDashboardData -->
        <test-method is-config="true" signature="tearDown()[pri:0, instance:tests.DashboardTest@b62d79]" started-at="2025-07-17T14:58:45 IST" name="tearDown" finished-at="2025-07-17T14:58:46 IST" duration-ms="110" status="PASS">
          <reporter-output>
          </reporter-output>
        </test-method> <!-- tearDown -->
        <test-method is-config="true" signature="flushReport()[pri:0, instance:tests.DashboardTest@b62d79]" started-at="2025-07-17T14:58:46 IST" name="flushReport" finished-at="2025-07-17T14:58:46 IST" duration-ms="363" status="PASS">
          <reporter-output>
          </reporter-output>
        </test-method> <!-- flushReport -->
      </class> <!-- tests.DashboardTest -->
    </test> <!-- Default test -->
  </suite> <!-- Default suite -->
</testng-results>
