<?xml version="1.0" encoding="UTF-8"?>
<testng-results ignored="0" total="1" passed="1" failed="0" skipped="0">
  <reporter-output>
  </reporter-output>
  <suite started-at="2025-07-24T13:35:29 IST" name="Default suite" finished-at="2025-07-24T13:35:46 IST" duration-ms="16644">
    <groups>
    </groups>
    <test started-at="2025-07-24T13:35:29 IST" name="Default test" finished-at="2025-07-24T13:35:46 IST" duration-ms="16644">
      <class name="tests.YourNumberTest">
        <test-method is-config="true" signature="setupReport()[pri:0, instance:tests.YourNumberTest@6631f5ca]" started-at="2025-07-24T13:35:29 IST" name="setupReport" finished-at="2025-07-24T13:35:29 IST" duration-ms="184" status="PASS">
          <reporter-output>
          </reporter-output>
        </test-method> <!-- setupReport -->
        <test-method is-config="true" signature="setUp()[pri:0, instance:tests.YourNumberTest@6631f5ca]" started-at="2025-07-24T13:35:29 IST" name="setUp" finished-at="2025-07-24T13:35:37 IST" duration-ms="8547" status="PASS">
          <reporter-output>
          </reporter-output>
        </test-method> <!-- setUp -->
        <test-method is-config="true" signature="loginToPaidline()[pri:0, instance:tests.YourNumberTest@6631f5ca]" started-at="2025-07-24T13:35:37 IST" name="loginToPaidline" finished-at="2025-07-24T13:35:43 IST" duration-ms="5610" status="PASS">
          <reporter-output>
          </reporter-output>
        </test-method> <!-- loginToPaidline -->
        <test-method signature="verifyAndUpdateYourNumberSettings()[pri:1, instance:tests.YourNumberTest@6631f5ca]" started-at="2025-07-24T13:35:43 IST" name="verifyAndUpdateYourNumberSettings" finished-at="2025-07-24T13:35:45 IST" duration-ms="2280" status="PASS">
          <reporter-output>
          </reporter-output>
        </test-method> <!-- verifyAndUpdateYourNumberSettings -->
        <test-method is-config="true" signature="tearDown()[pri:0, instance:tests.YourNumberTest@6631f5ca]" started-at="2025-07-24T13:35:45 IST" name="tearDown" finished-at="2025-07-24T13:35:46 IST" duration-ms="177" status="PASS">
          <reporter-output>
          </reporter-output>
        </test-method> <!-- tearDown -->
        <test-method is-config="true" signature="flushReport()[pri:0, instance:tests.YourNumberTest@6631f5ca]" started-at="2025-07-24T13:35:46 IST" name="flushReport" finished-at="2025-07-24T13:35:46 IST" duration-ms="259" status="PASS">
          <reporter-output>
          </reporter-output>
        </test-method> <!-- flushReport -->
      </class> <!-- tests.YourNumberTest -->
    </test> <!-- Default test -->
  </suite> <!-- Default suite -->
</testng-results>
